# JRE version: Java(TM) SE Runtime Environment (8.0_51-b16) (build 1.8.0_51-b16)
# Java VM: Java HotSpot(TM) Client VM (25.51-b03 mixed mode windows-x86 )
Heap:
 def new generation   total 9920K, used 4448K [0x04000000, 0x04ac0000, 0x09550000)
  eden space 8832K,  50% used [0x04000000, 0x044580c0, 0x048a0000)
  from space 1088K,   0% used [0x048a0000, 0x048a0000, 0x049b0000)
  to   space 1088K,   0% used [0x049b0000, 0x049b0000, 0x04ac0000)
 tenured generation   total 21876K, used 13125K [0x09550000, 0x0aaad000, 0x14000000)
   the space 21876K,  59% used [0x09550000, 0x0a2215e8, 0x0a221600, 0x0aaad000)
 Metaspace       used 6358K, capacity 6539K, committed 6656K, reserved 7552K
GC Heap History (10 events):
Event: 0.401 GC heap before
{Heap before GC invocations=1 (full 0):
 def new generation   total 4928K, used 4658K [0x04000000, 0x04550000, 0x09550000)
  eden space 4416K,  93% used [0x04000000, 0x0440cbe8, 0x04450000)
  from space 512K, 100% used [0x044d0000, 0x04550000, 0x04550000)
  to   space 512K,   0% used [0x04450000, 0x04450000, 0x044d0000)
 tenured generation   total 10944K, used 678K [0x09550000, 0x0a000000, 0x14000000)
   the space 10944K,   6% used [0x09550000, 0x095f9a58, 0x095f9c00, 0x0a000000)
 Metaspace       used 5316K, capacity 5508K, committed 5632K, reserved 6528K
Event: 0.405 GC heap after
Heap after GC invocations=2 (full 0):
 def new generation   total 4928K, used 241K [0x04000000, 0x04550000, 0x09550000)
  eden space 4416K,   0% used [0x04000000, 0x04000000, 0x04450000)
  from space 512K,  47% used [0x04450000, 0x0448c648, 0x044d0000)
  to   space 512K,   0% used [0x044d0000, 0x044d0000, 0x04550000)
 tenured generation   total 10944K, used 4790K [0x09550000, 0x0a000000, 0x14000000)
   the space 10944K,  43% used [0x09550000, 0x099fd8b8, 0x099fda00, 0x0a000000)
 Metaspace       used 5316K, capacity 5508K, committed 5632K, reserved 6528K
}
Event: 0.464 GC heap before
{Heap before GC invocations=2 (full 0):
 def new generation   total 4928K, used 4654K [0x04000000, 0x04550000, 0x09550000)
  eden space 4416K,  99% used [0x04000000, 0x0444f4c8, 0x04450000)
  from space 512K,  47% used [0x04450000, 0x0448c648, 0x044d0000)
  to   space 512K,   0% used [0x044d0000, 0x044d0000, 0x04550000)
 tenured generation   total 10944K, used 4790K [0x09550000, 0x0a000000, 0x14000000)
   the space 10944K,  43% used [0x09550000, 0x099fd8b8, 0x099fda00, 0x0a000000)
 Metaspace       used 5349K, capacity 5540K, committed 5632K, reserved 6528K
Event: 0.467 GC heap after
Heap after GC invocations=3 (full 0):
 def new generation   total 4928K, used 257K [0x04000000, 0x04550000, 0x09550000)
  eden space 4416K,   0% used [0x04000000, 0x04000000, 0x04450000)
  from space 512K,  50% used [0x044d0000, 0x04510628, 0x04550000)
  to   space 512K,   0% used [0x04450000, 0x04450000, 0x044d0000)
 tenured generation   total 10944K, used 7290K [0x09550000, 0x0a000000, 0x14000000)
   the space 10944K,  66% used [0x09550000, 0x09c6e8c8, 0x09c6ea00, 0x0a000000)
 Metaspace       used 5349K, capacity 5540K, committed 5632K, reserved 6528K
}
Event: 0.517 GC heap before
{Heap before GC invocations=3 (full 0):
 def new generation   total 4928K, used 4413K [0x04000000, 0x04550000, 0x09550000)
  eden space 4416K,  94% used [0x04000000, 0x0440eec0, 0x04450000)
  from space 512K,  50% used [0x044d0000, 0x04510628, 0x04550000)
  to   space 512K,   0% used [0x04450000, 0x04450000, 0x044d0000)
 tenured generation   total 10944K, used 7290K [0x09550000, 0x0a000000, 0x14000000)
   the space 10944K,  66% used [0x09550000, 0x09c6e8c8, 0x09c6ea00, 0x0a000000)
 Metaspace       used 5413K, capacity 5572K, committed 5632K, reserved 6528K
Event: 0.519 GC heap after
Heap after GC invocations=4 (full 0):
 def new generation   total 4928K, used 332K [0x04000000, 0x04550000, 0x09550000)
  eden space 4416K,   0% used [0x04000000, 0x04000000, 0x04450000)
  from space 512K,  65% used [0x04450000, 0x044a33f0, 0x044d0000)
  to   space 512K,   0% used [0x044d0000, 0x044d0000, 0x04550000)
 tenured generation   total 10944K, used 8753K [0x09550000, 0x0a000000, 0x14000000)
   the space 10944K,  79% used [0x09550000, 0x09ddc5e0, 0x09ddc600, 0x0a000000)
 Metaspace       used 5413K, capacity 5572K, committed 5632K, reserved 6528K
}
Event: 0.531 GC heap before
{Heap before GC invocations=4 (full 0):
 def new generation   total 4928K, used 3312K [0x04000000, 0x04550000, 0x09550000)
  eden space 4416K,  67% used [0x04000000, 0x042e8fa0, 0x04450000)
  from space 512K,  65% used [0x04450000, 0x044a33f0, 0x044d0000)
  to   space 512K,   0% used [0x044d0000, 0x044d0000, 0x04550000)
 tenured generation   total 10944K, used 8753K [0x09550000, 0x0a000000, 0x14000000)
   the space 10944K,  79% used [0x09550000, 0x09ddc5e0, 0x09ddc600, 0x0a000000)
 Metaspace       used 5413K, capacity 5572K, committed 5632K, reserved 6528K
Event: 0.532 GC heap after
Heap after GC invocations=5 (full 0):
 def new generation   total 4928K, used 87K [0x04000000, 0x04550000, 0x09550000)
  eden space 4416K,   0% used [0x04000000, 0x04000000, 0x04450000)
  from space 512K,  17% used [0x044d0000, 0x044e5f00, 0x04550000)
  to   space 512K,   0% used [0x04450000, 0x04450000, 0x044d0000)
 tenured generation   total 10944K, used 10341K [0x09550000, 0x0a000000, 0x14000000)
   the space 10944K,  94% used [0x09550000, 0x09f69548, 0x09f69600, 0x0a000000)
 Metaspace       used 5413K, capacity 5572K, committed 5632K, reserved 6528K
}
Event: 0.545 GC heap before
{Heap before GC invocations=5 (full 0):
 def new generation   total 4928K, used 4499K [0x04000000, 0x04550000, 0x09550000)
  eden space 4416K,  99% used [0x04000000, 0x0444f0e0, 0x04450000)
  from space 512K,  17% used [0x044d0000, 0x044e5f00, 0x04550000)
  to   space 512K,   0% used [0x04450000, 0x04450000, 0x044d0000)
 tenured generation   total 10944K, used 10341K [0x09550000, 0x0a000000, 0x14000000)
   the space 10944K,  94% used [0x09550000, 0x09f69548, 0x09f69600, 0x0a000000)
 Metaspace       used 5413K, capacity 5572K, committed 5632K, reserved 6528K
Event: 0.551 GC heap after
Heap after GC invocations=6 (full 1):
 def new generation   total 9920K, used 0K [0x04000000, 0x04ac0000, 0x09550000)
  eden space 8832K,   0% used [0x04000000, 0x04000000, 0x048a0000)
  from space 1088K,   0% used [0x048a0000, 0x048a0000, 0x049b0000)
  to   space 1088K,   0% used [0x049b0000, 0x049b0000, 0x04ac0000)
 tenured generation   total 21876K, used 13125K [0x09550000, 0x0aaad000, 0x14000000)
   the space 21876K,  59% used [0x09550000, 0x0a2215e8, 0x0a221600, 0x0aaad000)
 Metaspace       used 5413K, capacity 5572K, committed 5632K, reserved 6528K
}

